<?xml version="1.0" encoding="UTF-8"?>
<!-- Generated by org.testng.reporters.JUnitReportReporter -->
<testsuite hostname="DESKTOP-OQCH81E" failures="0" tests="1" name="cart_gstoreTest.generalstoreBstack" time="31.923" errors="0" timestamp="2024-12-13T23:01:41 IST" skipped="0">
  <testcase classname="cart_gstoreTest.generalstoreBstack" name="test" time="31.923"/>
</testsuite> <!-- cart_gstoreTest.generalstoreBstack -->
