<?xml version="1.0" encoding="UTF-8"?>
<!-- Generated by org.testng.reporters.JUnitReportReporter -->
<testsuite hostname="DESKTOP-OQCH81E" failures="0" tests="2" name="cart_gstoreTest.sampleipa_ios" time="59.423" errors="0" timestamp="2024-12-16T12:28:32 IST" skipped="0">
  <testcase classname="cart_gstoreTest.sampleipa_ios" name="test" time="30.404"/>
  <testcase classname="cart_gstoreTest.sampleipa_ios" name="test" time="29.019"/>
</testsuite> <!-- cart_gstoreTest.sampleipa_ios -->
